This is pdfTeX, Version 3.14159265-2.6-1.40.18 (TeX Live 2017/Debian) (preloaded format=latex 2019.10.8)  8 OCT 2019 19:30
entering extended mode
 restricted \write18 enabled.
 Source specials enabled.
 %&-line parsing enabled.
**"EV.2.3Amplificadores Clase B"
(./EV.2.3Amplificadores Clase B
LaTeX2e <2017-04-15>
Babel <3.18> and hyphenation patterns for 8 language(s) loaded.
(/usr/share/texlive/texmf-dist/tex/latex/base/article.cls
Document Class: article 2014/09/29 v1.4h Standard LaTeX document class
(/usr/share/texlive/texmf-dist/tex/latex/base/size11.clo
File: size11.clo 2014/09/29 v1.4h Standard LaTeX file (size option)
)
\c@part=\count79
\c@section=\count80
\c@subsection=\count81
\c@subsubsection=\count82
\c@paragraph=\count83
\c@subparagraph=\count84
\c@figure=\count85
\c@table=\count86
\abovecaptionskip=\skip41
\belowcaptionskip=\skip42
\bibindent=\dimen102
)
(/usr/share/texlive/texmf-dist/tex/latex/graphics/graphicx.sty
Package: graphicx 2017/06/01 v1.1a Enhanced LaTeX Graphics (DPC,SPQR)

(/usr/share/texlive/texmf-dist/tex/latex/graphics/keyval.sty
Package: keyval 2014/10/28 v1.15 key=value parser (DPC)
\KV@toks@=\toks14
)
(/usr/share/texlive/texmf-dist/tex/latex/graphics/graphics.sty
Package: graphics 2017/06/25 v1.2c Standard LaTeX Graphics (DPC,SPQR)

(/usr/share/texlive/texmf-dist/tex/latex/graphics/trig.sty
Package: trig 2016/01/03 v1.10 sin cos tan (DPC)
)
(/usr/share/texlive/texmf-dist/tex/latex/graphics-cfg/graphics.cfg
File: graphics.cfg 2016/06/04 v1.11 sample graphics configuration
)
Package graphics Info: Driver file: dvips.def on input line 99.

(/usr/share/texlive/texmf-dist/tex/latex/graphics-def/dvips.def
File: dvips.def 2017/06/20 v3.1d Graphics/color driver for dvips
))
\Gin@req@height=\dimen103
\Gin@req@width=\dimen104
) (./EV.2.aux

LaTeX Warning: Label `' multiply defined.

)
\openout1 = `EV.2.aux'.

LaTeX Font Info:    Checking defaults for OML/cmm/m/it on input line 10.
LaTeX Font Info:    ... okay on input line 10.
LaTeX Font Info:    Checking defaults for T1/cmr/m/n on input line 10.
LaTeX Font Info:    ... okay on input line 10.
LaTeX Font Info:    Checking defaults for OT1/cmr/m/n on input line 10.
LaTeX Font Info:    ... okay on input line 10.
LaTeX Font Info:    Checking defaults for OMS/cmsy/m/n on input line 10.
LaTeX Font Info:    ... okay on input line 10.
LaTeX Font Info:    Checking defaults for OMX/cmex/m/n on input line 10.
LaTeX Font Info:    ... okay on input line 10.
LaTeX Font Info:    Checking defaults for U/cmr/m/n on input line 10.
LaTeX Font Info:    ... okay on input line 10.
LaTeX Font Info:    External font `cmex10' loaded for size
(Font)              <12> on input line 12.
LaTeX Font Info:    External font `cmex10' loaded for size
(Font)              <8> on input line 12.
LaTeX Font Info:    External font `cmex10' loaded for size
(Font)              <6> on input line 12.


! LaTeX Error: Cannot determine size of graphic in /home/osvaldo/Escritorio/EV2
.3/UPZMG.png (no BoundingBox).

See the LaTeX manual or LaTeX Companion for explanation.
Type  H <return>  for immediate help.
 ...                                              
                                                  
l.15 ...{/home/osvaldo/Escritorio/EV2.3/UPZMG.png}
                                                  
Try typing  <return>  to proceed.
If that doesn't work, type  X <return>  to quit.

File: /home/osvaldo/Escritorio/EV2.3/UPZMG.png Graphic file (type eps)
</home/osvaldo/Escritorio/EV2.3/UPZMG.png> [1

]
Missing character: There is no Ã in font cmr10!
Missing character: There is no ± in font cmr10!
Missing character: There is no Ã in font cmr10!
Missing character: There is no ± in font cmr10!
Missing character: There is no Ã in font cmr10!
Missing character: There is no ± in font cmr10!
Missing character: There is no Ã in font cmr10!
Missing character: There is no ± in font cmr10!


LaTeX Warning: File `/home/osvaldo/Escritorio/EV2.3/Amplificador clase B.png' n
ot found on input line 32.


! LaTeX Error: Cannot determine size of graphic in /home/osvaldo/Escritorio/EV2
.3/Amplificador clase B.png (no BoundingBox).

See the LaTeX manual or LaTeX Companion for explanation.
Type  H <return>  for immediate help.
 ...                                              
                                                  
l.32 ...Escritorio/EV2.3/Amplificador clase B.png}
                                                  
Try typing  <return>  to proceed.
If that doesn't work, type  X <return>  to quit.

File: /home/osvaldo/Escritorio/EV2.3/Amplificador clase B.png Graphic file (typ
e eps)
</home/osvaldo/Escritorio/EV2.3/Amplificador clase B.png>
Missing character: There is no Ã in font cmr10!
Missing character: There is no ± in font cmr10!
Missing character: There is no Ã in font cmr10!
Missing character: There is no ³ in font cmr10!
Missing character: There is no Ã in font cmr10!
Missing character: There is no ± in font cmr10!
Missing character: There is no Ã in font cmr10!
Missing character: There is no ± in font cmr10!
 [2]
Missing character: There is no Ã in font cmr10!
Missing character: There is no ± in font cmr10!
Missing character: There is no Ã in font cmr10!
Missing character: There is no ± in font cmr10!
Missing character: There is no Ã in font cmr10!
Missing character: There is no ± in font cmr10!
Missing character: There is no Ã in font cmr10!
Missing character: There is no ± in font cmr10!
Missing character: There is no Ã in font cmr10!
Missing character: There is no ± in font cmr10!
 [3] (./EV.2.aux)

LaTeX Warning: There were multiply-defined labels.

 ) 
Here is how much of TeX's memory you used:
 598 strings out of 494821
 7504 string characters out of 6177815
 56982 words of memory out of 5000000
 3978 multiletter control sequences out of 15000+600000
 8502 words of font info for 30 fonts, out of 8000000 for 9000
 62 hyphenation exceptions out of 8191
 25i,6n,19p,1133b,257s stack positions out of 5000i,500n,10000p,200000b,80000s

Output written on EV.2.dvi (3 pages, 4840 bytes).
